2014-02-25 07:59:55 Error: [MissingControllerException] Controller class FirmController could not be found.
Exception Attributes: array (
  'class' => 'FirmController',
  'plugin' => NULL,
)
Request URL: /e/firm
Stack Trace:
#0 /var/www/e/webroot/index.php(99): Dispatcher->dispatch(Object(CakeRequest), Object(CakeResponse))
#1 {main}
2014-02-25 08:03:36 Error: Fatal Error (4): syntax error, unexpected '}' in [/var/www/e/Controller/FirmsController.php, line 103]
2014-02-25 08:03:36 Error: [FatalErrorException] syntax error, unexpected '}'
Request URL: /e/firms
Stack Trace:
#0 /var/www/ekmt/lib/Cake/Error/ErrorHandler.php(203): ErrorHandler::handleFatalError(4, 'syntax error, u...', '/var/www/e/Cont...', 103)
#1 [internal function]: ErrorHandler::handleError(4, 'syntax error, u...', '/var/www/e/Cont...', 103, Array)
#2 /var/www/ekmt/lib/Cake/Core/App.php(929): call_user_func('ErrorHandler::h...', 4, 'syntax error, u...', '/var/www/e/Cont...', 103, Array)
#3 /var/www/ekmt/lib/Cake/Core/App.php(902): App::_checkFatalError()
#4 [internal function]: App::shutdown()
#5 {main}
2014-02-25 08:04:03 Error: [MissingControllerException] Controller class LicsController could not be found.
Exception Attributes: array (
  'class' => 'LicsController',
  'plugin' => NULL,
)
Request URL: /e/lics/add
Stack Trace:
#0 /var/www/e/webroot/index.php(99): Dispatcher->dispatch(Object(CakeRequest), Object(CakeResponse))
#1 {main}
2014-02-25 08:04:33 Error: [MissingActionException] Action FirmsController::delete() could not be found.
Exception Attributes: array (
  'controller' => 'FirmsController',
  'action' => 'delete',
)
Request URL: /e/firms/delete/1
Stack Trace:
#0 /var/www/ekmt/lib/Cake/Routing/Dispatcher.php(185): Controller->invokeAction(Object(CakeRequest))
#1 /var/www/ekmt/lib/Cake/Routing/Dispatcher.php(160): Dispatcher->_invoke(Object(FirmsController), Object(CakeRequest), Object(CakeResponse))
#2 /var/www/e/webroot/index.php(99): Dispatcher->dispatch(Object(CakeRequest), Object(CakeResponse))
#3 {main}
2014-02-25 08:21:40 Error: [MissingControllerException] Controller class FirmController could not be found.
Exception Attributes: array (
  'class' => 'FirmController',
  'plugin' => NULL,
)
Request URL: /e/firm
Stack Trace:
#0 /var/www/e/webroot/index.php(99): Dispatcher->dispatch(Object(CakeRequest), Object(CakeResponse))
#1 {main}
2014-02-25 08:24:21 Error: [MissingControllerException] Controller class FirmController could not be found.
Exception Attributes: array (
  'class' => 'FirmController',
  'plugin' => NULL,
)
Request URL: /e/firm
Stack Trace:
#0 /var/www/e/webroot/index.php(99): Dispatcher->dispatch(Object(CakeRequest), Object(CakeResponse))
#1 {main}
2014-02-25 09:36:13 Error: [PDOException] SQLSTATE[23000]: Integrity constraint violation: 1062 Duplicate entry '1-1' for key 'firm_id'
Request URL: /e/lics/add
Stack Trace:
#0 /var/www/ekmt/lib/Cake/Model/Datasource/DboSource.php(458): PDOStatement->execute(Array)
#1 /var/www/ekmt/lib/Cake/Model/Datasource/DboSource.php(424): DboSource->_execute('INSERT INTO `ca...', Array)
#2 /var/www/ekmt/lib/Cake/Model/Datasource/DboSource.php(1004): DboSource->execute('INSERT INTO `ca...')
#3 /var/www/ekmt/lib/Cake/Model/Model.php(1832): DboSource->create(Object(Lic), Array, Array)
#4 /var/www/e/Controller/LicsController.php(51): Model->save(Array)
#5 [internal function]: LicsController->add()
#6 /var/www/ekmt/lib/Cake/Controller/Controller.php(490): ReflectionMethod->invokeArgs(Object(LicsController), Array)
#7 /var/www/ekmt/lib/Cake/Routing/Dispatcher.php(185): Controller->invokeAction(Object(CakeRequest))
#8 /var/www/ekmt/lib/Cake/Routing/Dispatcher.php(160): Dispatcher->_invoke(Object(LicsController), Object(CakeRequest), Object(CakeResponse))
#9 /var/www/e/webroot/index.php(99): Dispatcher->dispatch(Object(CakeRequest), Object(CakeResponse))
#10 {main}
